<?xml version="1.0" encoding="UTF-8"?>
<!-- Generated by org.testng.reporters.JUnitXMLReporter -->
<testsuite hostname="DESKTOP-8REHEA8" ignored="0" name="Test" tests="4" failures="1" timestamp="17 Sep 2018 11:48:13 GMT" time="68.065" errors="0">
  <testcase name="ContactTest" time="7.628" classname="com.qa.Homepage.LoginTest"/>
  <testcase name="VerifyLogin" time="7.209" classname="com.qa.Homepage.LoginTest"/>
  <testcase name="CreateContactTest" time="22.243" classname="com.qa.Homepage.CreateContact"/>
  <testcase name="test" time="0.001" classname="com.qa.Homepage.FailedTestCase">
    <failure type="java.lang.AssertionError" message="expected [true] but found [false]">
      <![CDATA[java.lang.AssertionError: expected [true] but found [false]
	at com.qa.Homepage.FailedTestCase.test(FailedTestCase.java:11)
... Removed 29 stack frames]]>
    </failure>
  </testcase> <!-- test -->
</testsuite> <!-- Test -->
