<?xml version="1.0" encoding="UTF-8"?>
<!-- Generated by org.testng.reporters.JUnitXMLReporter -->
<testsuite hostname="DESKTOP-8REHEA8" ignored="0" name="Command line test" tests="3" failures="0" timestamp="17 Sep 2018 15:19:21 GMT" time="30.542" errors="0">
  <testcase name="test" time="0.031" classname="com.qa.Homepage.FailedTestCase"/>
  <testcase name="ContactTest" time="8.323" classname="com.qa.Homepage.LoginTest"/>
  <testcase name="VerifyLogin" time="4.114" classname="com.qa.Homepage.LoginTest"/>
</testsuite> <!-- Command line test -->
