<?xml version="1.0" encoding="UTF-8"?>
<!-- Generated by org.testng.reporters.JUnitXMLReporter -->
<testsuite hostname="DESKTOP-8REHEA8" ignored="0" name="Command line test" tests="3" failures="1" timestamp="17 Sep 2018 12:45:54 GMT" time="35.135" errors="0">
  <testcase name="test" time="0.018" classname="com.qa.Homepage.FailedTestCase">
    <failure type="java.lang.AssertionError" message="expected [true] but found [false]">
      <![CDATA[java.lang.AssertionError: expected [true] but found [false]
	at com.qa.Homepage.FailedTestCase.test(FailedTestCase.java:11)
... Removed 39 stack frames]]>
    </failure>
  </testcase> <!-- test -->
  <testcase name="ContactTest" time="8.667" classname="com.qa.Homepage.LoginTest"/>
  <testcase name="VerifyLogin" time="9.587" classname="com.qa.Homepage.LoginTest"/>
</testsuite> <!-- Command line test -->
