<?xml version="1.0" encoding="UTF-8"?>
<testng-results skipped="0" failed="0" ignored="0" total="3" passed="3">
  <reporter-output>
  </reporter-output>
  <suite name="Command line suite" duration-ms="30542" started-at="2018-09-17T15:18:51Z" finished-at="2018-09-17T15:19:21Z">
    <groups>
    </groups>
    <test name="Command line test" duration-ms="30542" started-at="2018-09-17T15:18:51Z" finished-at="2018-09-17T15:19:21Z">
      <class name="com.qa.Homepage.FailedTestCase">
        <test-method status="PASS" signature="test()[pri:0, instance:com.qa.Homepage.FailedTestCase@3551a94]" name="test" duration-ms="31" started-at="2018-09-17T17:18:51Z" finished-at="2018-09-17T17:18:51Z">
          <reporter-output>
          </reporter-output>
        </test-method> <!-- test -->
      </class> <!-- com.qa.Homepage.FailedTestCase -->
      <class name="com.qa.Homepage.LoginTest">
        <test-method status="PASS" signature="Setup()[pri:0, instance:com.qa.Homepage.LoginTest@531be3c5]" name="Setup" is-config="true" duration-ms="8881" started-at="2018-09-17T17:18:51Z" finished-at="2018-09-17T17:18:59Z">
          <reporter-output>
          </reporter-output>
        </test-method> <!-- Setup -->
        <test-method status="PASS" signature="ContactTest()[pri:0, instance:com.qa.Homepage.LoginTest@531be3c5]" name="ContactTest" duration-ms="8323" started-at="2018-09-17T17:18:59Z" finished-at="2018-09-17T17:19:08Z">
          <reporter-output>
          </reporter-output>
        </test-method> <!-- ContactTest -->
        <test-method status="PASS" signature="TearDown()[pri:0, instance:com.qa.Homepage.LoginTest@531be3c5]" name="TearDown" is-config="true" duration-ms="171" started-at="2018-09-17T17:19:08Z" finished-at="2018-09-17T17:19:08Z">
          <reporter-output>
          </reporter-output>
        </test-method> <!-- TearDown -->
        <test-method status="PASS" signature="Setup()[pri:0, instance:com.qa.Homepage.LoginTest@531be3c5]" name="Setup" is-config="true" duration-ms="8812" started-at="2018-09-17T17:19:08Z" finished-at="2018-09-17T17:19:17Z">
          <reporter-output>
          </reporter-output>
        </test-method> <!-- Setup -->
        <test-method status="PASS" signature="VerifyLogin()[pri:0, instance:com.qa.Homepage.LoginTest@531be3c5]" name="VerifyLogin" duration-ms="4114" started-at="2018-09-17T17:19:17Z" finished-at="2018-09-17T17:19:21Z">
          <reporter-output>
          </reporter-output>
        </test-method> <!-- VerifyLogin -->
        <test-method status="PASS" signature="TearDown()[pri:0, instance:com.qa.Homepage.LoginTest@531be3c5]" name="TearDown" is-config="true" duration-ms="147" started-at="2018-09-17T17:19:21Z" finished-at="2018-09-17T17:19:21Z">
          <reporter-output>
          </reporter-output>
        </test-method> <!-- TearDown -->
      </class> <!-- com.qa.Homepage.LoginTest -->
    </test> <!-- Command line test -->
  </suite> <!-- Command line suite -->
</testng-results>
