<?xml version="1.0" encoding="UTF-8" ?>
<testsuite tests="3" failures="1" name="TestSuite" time="18.282" errors="0" skipped="0">
  <properties>
[...]
</properties>
  <testcase classname="com.qa.Homepage.FailedTestCase" name="test" time="0.026">
    <failure message="expected [true] but found [false]" type="java.lang.AssertionError">java.lang.AssertionError: expected [true] but found [false]
	at org.testng.Assert.fail(Assert.java:93)
	at org.testng.Assert.failNotEquals(Assert.java:512)
	at org.testng.Assert.assertTrue(Assert.java:41)
	at org.testng.Assert.assertTrue(Assert.java:51)
	at com.qa.Homepage.FailedTestCase.test(FailedTestCase.java:11)
</failure>
    <system-out>Configuring TestNG with: org.apache.maven.surefire.testng.conf.TestNG652Configurator@6bc168e5
Failed Test Case
</system-out>
  </testcase>
  <testcase classname="com.qa.Homepage.LoginTest" name="ContactTest" time="8.668"/>
  <testcase classname="com.qa.Homepage.LoginTest" name="VerifyLogin" time="9.588"/>
</testsuite>